{
  "RSpec": {
    "coverage": {
      "/Users/whatapalaver/Documents/GitHub/tech_tests/bank_tech_test/spec/account_spec.rb": [
        1,
        null,
        1,
        7,
        null,
        1,
        1,
        1,
        null,
        null,
        1,
        1,
        1,
        1,
        1,
        null,
        null,
        1,
        1,
        null,
        null,
        1,
        1,
        1,
        null,
        null,
        null,
        1,
        1,
        1,
        1,
        null,
        1,
        null,
        null,
        null,
        null,
        1,
        1,
        1,
        1,
        1,
        null,
        null,
        1,
        1,
        1,
        1,
        null,
        null,
        null
      ],
      "/Users/whatapalaver/Documents/GitHub/tech_tests/bank_tech_test/lib/account.rb": [
        1,
        null,
        1,
        1,
        null,
        1,
        12,
        12,
        null,
        null,
        1,
        5,
        null,
        null,
        1,
        4,
        null,
        null
      ],
      "/Users/whatapalaver/Documents/GitHub/tech_tests/bank_tech_test/lib/transaction_log.rb": [
        null,
        null,
        1,
        1,
        null,
        1,
        12,
        null,
        null
      ],
      "/Users/whatapalaver/Documents/GitHub/tech_tests/bank_tech_test/spec/features/user_story_spec.rb": [
        null,
        1,
        6,
        null,
        1,
        null,
        null,
        null,
        null,
        null,
        1,
        2,
        null,
        null,
        1,
        4,
        null,
        null,
        null,
        1,
        null,
        null,
        null,
        null,
        null,
        1,
        2,
        null,
        null,
        1,
        4,
        null,
        null,
        null,
        1,
        null,
        null,
        null,
        null,
        null,
        1,
        1,
        null,
        null,
        null,
        null,
        null,
        null,
        null,
        1,
        null,
        null,
        null,
        null,
        null,
        null,
        null,
        null,
        null,
        null,
        null
      ]
    },
    "timestamp": 1536612835
  }
}
