{
  "RSpec": {
    "coverage": {
      "/Users/whatapalaver/Documents/GitHub/tech_tests/bank_tech_test/spec/account_spec.rb": [
        1,
        null,
        1,
        8,
        9,
        4,
        8,
        null,
        1,
        1,
        1,
        null,
        null,
        1,
        1,
        1,
        1,
        1,
        1,
        null,
        null,
        1,
        1,
        null,
        null,
        1,
        1,
        1,
        null,
        null,
        null,
        1,
        1,
        3,
        null,
        1,
        1,
        1,
        null,
        1,
        null,
        null,
        null,
        1,
        1,
        6,
        null,
        null,
        1,
        1,
        1,
        1,
        null,
        null,
        1,
        1,
        1,
        1,
        null,
        null,
        null,
        1,
        1,
        1,
        null,
        null,
        null
      ],
      "/Users/whatapalaver/Documents/GitHub/tech_tests/bank_tech_test/lib/account.rb": [
        1,
        1,
        1,
        null,
        1,
        1,
        null,
        1,
        14,
        14,
        14,
        null,
        null,
        1,
        7,
        7,
        null,
        null,
        1,
        5,
        5,
        null,
        null,
        1,
        2,
        2,
        null,
        null,
        1,
        null,
        1,
        24,
        null,
        null
      ],
      "/Users/whatapalaver/Documents/GitHub/tech_tests/bank_tech_test/lib/transaction_log.rb": [
        null,
        null,
        1,
        1,
        null,
        1,
        11,
        null,
        null,
        1,
        9,
        null,
        null
      ],
      "/Users/whatapalaver/Documents/GitHub/tech_tests/bank_tech_test/lib/printer.rb": [
        1,
        null,
        1,
        1,
        1,
        null,
        1,
        2,
        2,
        null,
        null,
        1,
        2,
        2,
        5,
        null,
        2,
        null,
        null
      ],
      "/Users/whatapalaver/Documents/GitHub/tech_tests/bank_tech_test/spec/features/user_story_spec.rb": [
        null,
        1,
        7,
        null,
        1,
        null,
        null,
        null,
        null,
        null,
        1,
        2,
        null,
        null,
        1,
        4,
        null,
        null,
        null,
        1,
        null,
        null,
        null,
        null,
        null,
        1,
        2,
        null,
        null,
        1,
        4,
        null,
        null,
        null,
        1,
        null,
        null,
        null,
        null,
        null,
        1,
        1,
        null,
        null,
        null,
        null,
        null,
        null,
        null,
        1,
        1,
        1,
        1,
        1,
        1,
        1,
        1,
        2,
        null,
        null,
        null,
        null,
        null,
        null,
        null,
        null,
        null,
        null,
        null
      ],
      "/Users/whatapalaver/Documents/GitHub/tech_tests/bank_tech_test/spec/printer_spec.rb": [
        1,
        null,
        1,
        2,
        2,
        2,
        null,
        1,
        1,
        2,
        null,
        null
      ],
      "/Users/whatapalaver/Documents/GitHub/tech_tests/bank_tech_test/spec/transaction_log_spec.rb": [
        1,
        5,
        2,
        2,
        3,
        null,
        1,
        1,
        1,
        null,
        null,
        1,
        1,
        null,
        null,
        null,
        1,
        1,
        1,
        1,
        null,
        1,
        1,
        1,
        null,
        null,
        null
      ]
    },
    "timestamp": 1536661026
  }
}
